24/08/2023 12:20:38 - background.js loaded with status unknown and anonId null
24/08/2023 12:20:38 - anonId not found in storage, status set to REGISTER
24/08/2023 12:20:38 - status asked by content script, status <REGISTER> sent to tab 1058764420}
24/08/2023 12:20:38 - change front status to : REGISTER
24/08/2023 12:20:41 - Port disconnected
24/08/2023 12:20:47 - background.js loaded with status unknown and anonId null
24/08/2023 12:20:47 - anonId not found in storage, status set to REGISTER
24/08/2023 12:20:48 - status asked by content script, status <REGISTER> sent to tab 1058764432}
24/08/2023 12:20:48 - change front status to : REGISTER
24/08/2023 12:21:00 - Port disconnected
24/08/2023 12:21:01 - background.js loaded with status unknown and anonId null
24/08/2023 12:21:01 - anonId not found in storage, status set to REGISTER
24/08/2023 12:21:01 - status asked by content script, status <REGISTER> sent to tab 1058764439}
24/08/2023 12:21:01 - change front status to : REGISTER
24/08/2023 12:21:04 - click on modal
24/08/2023 12:21:06 - anonId saved in storage : 000000
24/08/2023 12:21:06 - change front status to : REGISTER_SUCCESS
24/08/2023 12:21:06 - Sent msg {STATUS | {"status":"REGISTER_SUCCESS"}} to tab 1058764439
24/08/2023 12:21:07 - status asked by content script, status <REGISTER_SUCCESS> sent to tab 1058764444}
24/08/2023 12:21:07 - change front status to : REGISTER_SUCCESS
24/08/2023 12:21:07 - status asked by content script, status <REGISTER_SUCCESS> sent to tab 1058764445}
24/08/2023 12:21:07 - change front status to : REGISTER_SUCCESS
24/08/2023 12:21:08 - status asked by content script, status <REGISTER_SUCCESS> sent to tab 1058764450}
24/08/2023 12:21:08 - change front status to : REGISTER_SUCCESS
24/08/2023 12:21:08 - status asked by content script, status <REGISTER_SUCCESS> sent to tab 1058764451}
24/08/2023 12:21:08 - change front status to : REGISTER_SUCCESS
24/08/2023 12:21:10 - Sent msg {STATUS | {"status":"INACTIVE"}} to tab 1058764450
24/08/2023 12:21:12 - Sent msg {MOVE | } to tab 1058764451
24/08/2023 12:21:12 - Sent msg {MOVE | } to tab 1058764445
24/08/2023 12:21:16 - Port disconnected
24/08/2023 12:21:17 - status asked by content script, status <INACTIVE> sent to tab 1058764450}
24/08/2023 12:21:17 - change front status to : INACTIVE
24/08/2023 12:21:21 - Port disconnected
24/08/2023 12:21:22 - status asked by content script, status <INACTIVE> sent to tab 1058764450}
24/08/2023 12:21:22 - change front status to : INACTIVE
24/08/2023 12:21:26 - status send to background script : ACTIVE
24/08/2023 12:21:26 - SET_STATUS received from content script, status set to ACTIVE
24/08/2023 12:21:32 - Tab updated : handling entry
24/08/2023 12:21:33 - status asked by content script, status <ACTIVE> sent to tab 1058764450}
24/08/2023 12:21:33 - change front status to : ACTIVE
24/08/2023 12:21:39 - Sent msg {MOVE | } to tab 1058764450
24/08/2023 12:21:44 - Port disconnected
24/08/2023 12:21:44 - Port disconnected
24/08/2023 12:21:45 - Port disconnected
24/08/2023 12:21:45 - Port disconnected
24/08/2023 12:21:46 - Tab updated : handling entry
24/08/2023 12:21:46 - Tab updated : handling entry
24/08/2023 12:21:47 - status asked by content script, status <ACTIVE> sent to tab 1058764460}
24/08/2023 12:21:47 - change front status to : ACTIVE
24/08/2023 12:21:48 - Tab updated : handling entry
24/08/2023 12:21:49 - Tab updated : handling entry
24/08/2023 12:21:49 - status asked by content script, status <ACTIVE> sent to tab 1058764463}
24/08/2023 12:21:49 - change front status to : ACTIVE
24/08/2023 12:21:54 - Sent msg {MOVE | } to tab 1058764463
24/08/2023 12:22:03 - Port disconnected
24/08/2023 12:22:03 - Tab updated : handling entry
24/08/2023 12:22:03 - status asked by content script, status <ACTIVE> sent to tab 1058764463}
24/08/2023 12:22:03 - change front status to : ACTIVE
24/08/2023 12:22:11 - Port disconnected
24/08/2023 12:22:11 - Tab updated : handling entry
24/08/2023 12:22:12 - status asked by content script, status <ACTIVE> sent to tab 1058764463}
24/08/2023 12:22:12 - change front status to : ACTIVE
24/08/2023 12:22:15 - status send to background script : ASK
24/08/2023 12:22:15 - change status received from content script, status : ASK
24/08/2023 12:22:15 - SET_STATUS received from content script, status set to ASK
24/08/2023 12:22:18 - status send to background script : ASK_SUCCESS and END_SESSION
24/08/2023 12:22:18 - SET_STATUS received from content script, status set to ASK_SUCCESS
24/08/2023 12:22:22 - Sent msg {STATUS | {"status":"INACTIVE"}} to tab 1058764439
24/08/2023 12:22:26 - Extension reset and logs sent
24/08/2023 12:22:26 - Port disconnected
24/08/2023 12:22:26 - reset received from content script
24/08/2023 12:22:26 - [bug report] dd
