2023-08-21T14:31:18.533Z - background.js loaded with status unknown and anonId null
2023-08-21T14:31:18.533Z - anonId not found in storage, status set to REGISTER
2023-08-21T14:31:18.599Z - change front status to : REGISTER
2023-08-21T14:31:19.524Z - click on modal
2023-08-21T14:31:21.076Z - attempt to register with anonId 111111
2023-08-21T14:31:21.077Z - change front status to : REGISTER_SUCCESS
2023-08-21T14:31:25.086Z - change front status to : INACTIVE
2023-08-21T14:31:25.980Z - SET_STATUS received from content script, status set to ACTIVE and sent to all tabs (1058762083)
2023-08-21T14:31:25.981Z - status send to background script : ACTIVE
2023-08-21T14:31:27.120Z - SET_STATUS received from content script, status set to ASK and sent to all tabs (1058762083)
2023-08-21T14:31:27.122Z - change front status to : ASK
2023-08-21T14:31:27.122Z - status send to background script : ASK
2023-08-21T14:31:28.087Z - SET_STATUS received from content script, status set to ASK_SUCCESS and sent to all tabs (1058762083)
2023-08-21T14:31:28.107Z - Session ended with satisfaction true and submitted from background script
2023-08-21T14:31:28.108Z - status send to background script : ASK_SUCCESS and END_SESSION
2023-08-21T14:31:32.101Z - change front status to : INACTIVE
2023-08-21T14:31:53.665Z - change front status to : INACTIVE
2023-08-21T14:31:54.947Z - background.js loaded with status unknown and anonId null
2023-08-21T14:31:54.948Z - status set to INACTIVE
2023-08-21T14:31:55.024Z - status asked by content script, status <INACTIVE> sent to tab 1058762086 and added to injectedTabs (1058762086)
2023-08-21T14:31:57.001Z - SET_STATUS received from content script, status set to ACTIVE and sent to all tabs (1058762086)
2023-08-21T14:31:57.002Z - status send to background script : ACTIVE
2023-08-21T14:31:58.239Z - SET_STATUS received from content script, status set to ASK and sent to all tabs (1058762086)
2023-08-21T14:31:58.240Z - change front status to : ASK
2023-08-21T14:31:58.241Z - status send to background script : ASK
2023-08-21T14:31:59.214Z - SET_STATUS received from content script, status set to ASK_SUCCESS and sent to all tabs (1058762086)
2023-08-21T14:31:59.215Z - change front status to : ASK_SUCCESS
2023-08-21T14:31:59.235Z - Session ended with satisfaction true and submitted from background script
2023-08-21T14:31:59.236Z - status send to background script : ASK_SUCCESS and END_SESSION
2023-08-21T14:32:03.231Z - change front status to : INACTIVE
2023-08-21T14:32:05.547Z - SET_STATUS received from content script, status set to ACTIVE and sent to all tabs (1058762086)
2023-08-21T14:32:05.549Z - status send to background script : ACTIVE
2023-08-21T14:32:08.304Z - SET_STATUS received from content script, status set to ASK and sent to all tabs (1058762086)
2023-08-21T14:32:08.306Z - status send to background script : ASK
2023-08-21T14:32:09.567Z - SET_STATUS received from content script, status set to ASK_SUCCESS and sent to all tabs (1058762086)
2023-08-21T14:32:09.569Z - change front status to : ASK_SUCCESS
2023-08-21T14:32:09.572Z - Session ended with satisfaction true and submitted from background script
2023-08-21T14:32:09.575Z - status send to background script : ASK_SUCCESS and END_SESSION
2023-08-21T14:32:13.582Z - change front status to : INACTIVE
2023-08-21T14:32:14.950Z - SET_STATUS received from content script, status set to ACTIVE and sent to all tabs (1058762086)
2023-08-21T14:32:14.951Z - change status received from background script, status : ACTIVE
2023-08-21T14:32:14.952Z - status send to background script : ACTIVE
2023-08-21T14:32:15.814Z - SET_STATUS received from content script, status set to ASK and sent to all tabs (1058762086)
2023-08-21T14:32:15.816Z - change front status to : ASK
2023-08-21T14:32:15.816Z - status send to background script : ASK
2023-08-21T14:32:16.565Z - SET_STATUS received from content script, status set to ASK_SUCCESS and sent to all tabs (1058762086)
2023-08-21T14:32:16.567Z - change front status to : ASK_SUCCESS
2023-08-21T14:32:16.570Z - Session ended with satisfaction false and submitted from background script
2023-08-21T14:32:16.571Z - status send to background script : ASK_SUCCESS and END_SESSION
2023-08-21T14:32:20.572Z - change front status to : INACTIVE
2023-08-21T14:33:03.777Z - background.js loaded with status unknown and anonId null
2023-08-21T14:33:03.778Z - status set to INACTIVE
2023-08-21T14:33:03.849Z - status asked by content script, status <INACTIVE> sent to tab 1058762089 and added to injectedTabs (1058762089)
2023-08-21T14:33:05.042Z - SET_STATUS received from content script, status set to ACTIVE and sent to all tabs (1058762089)
2023-08-21T14:33:05.044Z - status send to background script : ACTIVE
2023-08-21T14:33:06.388Z - SET_STATUS received from content script, status set to ASK and sent to all tabs (1058762089)
2023-08-21T14:33:06.390Z - change front status to : ASK
2023-08-21T14:33:06.392Z - status send to background script : ASK
2023-08-21T14:33:07.347Z - SET_STATUS received from content script, status set to ASK_SUCCESS and sent to all tabs (1058762089)
2023-08-21T14:33:07.349Z - change front status to : ASK_SUCCESS
2023-08-21T14:33:07.368Z - Session ended with satisfaction false and submitted from background script
2023-08-21T14:33:07.369Z - status send to background script : ASK_SUCCESS and END_SESSION
2023-08-21T14:33:11.358Z - change front status to : INACTIVE
2023-08-21T14:33:42.666Z - background.js loaded with status unknown and anonId null
2023-08-21T14:33:42.673Z - status set to INACTIVE
2023-08-21T14:33:42.748Z - change front status to : INACTIVE
2023-08-21T14:33:43.604Z - SET_STATUS received from content script, status set to ACTIVE and sent to all tabs (1058762092)
2023-08-21T14:33:43.606Z - status send to background script : ACTIVE
2023-08-21T14:33:44.619Z - SET_STATUS received from content script, status set to ASK and sent to all tabs (1058762092)
2023-08-21T14:33:44.622Z - status send to background script : ASK
2023-08-21T14:33:45.712Z - SET_STATUS received from content script, status set to ASK_SUCCESS and sent to all tabs (1058762092)
2023-08-21T14:33:45.713Z - change front status to : ASK_SUCCESS
2023-08-21T14:33:45.737Z - Session ended with satisfaction true and submitted from background script
2023-08-21T14:33:45.738Z - status send to background script : ASK_SUCCESS and END_SESSION
2023-08-21T14:33:49.726Z - change front status to : INACTIVE
2023-08-21T14:33:53.651Z - status asked by content script, status <INACTIVE> sent to tab 1058762095 and added to injectedTabs (1058762092,1058762095)
2023-08-21T14:33:56.575Z - change front status to : INACTIVE
2023-08-21T14:33:57.611Z - change front status to : INACTIVE
2023-08-21T14:34:14.345Z - background.js loaded with status unknown and anonId null
2023-08-21T14:34:14.346Z - status set to INACTIVE
2023-08-21T14:34:14.425Z - status asked by content script, status <INACTIVE> sent to tab 1058762098 and added to injectedTabs (1058762098)
2023-08-21T14:34:15.334Z - SET_STATUS received from content script, status set to ACTIVE and sent to all tabs (1058762098)
2023-08-21T14:34:15.336Z - change front status to : ACTIVE
2023-08-21T14:34:15.343Z - status send to background script : ACTIVE
2023-08-21T14:34:15.818Z - SET_STATUS received from content script, status set to ASK and sent to all tabs (1058762098)
2023-08-21T14:34:15.820Z - status send to background script : ASK
2023-08-21T14:34:16.942Z - SET_STATUS received from content script, status set to ASK_SUCCESS and sent to all tabs (1058762098)
2023-08-21T14:34:16.943Z - change front status to : ASK_SUCCESS
2023-08-21T14:34:16.962Z - Session ended with satisfaction false and submitted from background script
2023-08-21T14:34:16.963Z - status send to background script : ASK_SUCCESS and END_SESSION
2023-08-21T14:34:20.957Z - change front status to : INACTIVE
2023-08-21T14:34:22.718Z - SET_STATUS received from content script, status set to ACTIVE and sent to all tabs (1058762098)
2023-08-21T14:34:22.720Z - status send to background script : ACTIVE
2023-08-21T14:34:47.529Z - SET_STATUS received from content script, status set to ASK and sent to all tabs (1058762098)
2023-08-21T14:34:47.531Z - status send to background script : ASK
2023-08-21T14:34:48.914Z - SET_STATUS received from content script, status set to ASK_SUCCESS and sent to all tabs (1058762098)
2023-08-21T14:34:48.916Z - Session ended with satisfaction false and submitted from background script
2023-08-21T14:34:48.917Z - status send to background script : ASK_SUCCESS and END_SESSION
2023-08-21T14:34:52.923Z - change front status to : INACTIVE
2023-08-21T14:35:06.965Z - SET_STATUS received from content script, status set to ACTIVE and sent to all tabs (1058762098)
2023-08-21T14:35:06.969Z - status send to background script : ACTIVE
2023-08-21T14:35:08.428Z - SET_STATUS received from content script, status set to ASK and sent to all tabs (1058762098)
2023-08-21T14:35:08.430Z - change front status to : ASK
2023-08-21T14:35:08.431Z - status send to background script : ASK
2023-08-21T14:35:09.317Z - SET_STATUS received from content script, status set to ASK_SUCCESS and sent to all tabs (1058762098)
2023-08-21T14:35:09.323Z - Session ended with satisfaction false and submitted from background script
2023-08-21T14:35:09.328Z - status send to background script : ASK_SUCCESS and END_SESSION
2023-08-21T14:35:10.785Z - change front status to : ASK_SUCCESS
2023-08-21T14:35:11.608Z - click on modal
2023-08-21T14:35:13.336Z - change front status to : INACTIVE
2023-08-21T14:35:14.849Z - SET_STATUS received from content script, status set to ACTIVE and sent to all tabs (1058762098)
2023-08-21T14:35:14.855Z - change status received from background script, status : ACTIVE
2023-08-21T14:35:14.856Z - status send to background script : ACTIVE
2023-08-21T14:35:16.927Z - SET_STATUS received from content script, status set to ASK and sent to all tabs (1058762098)
2023-08-21T14:35:16.929Z - change front status to : ASK
2023-08-21T14:35:16.930Z - status send to background script : ASK
2023-08-21T14:35:18.031Z - SET_STATUS received from content script, status set to ASK_SUCCESS and sent to all tabs (1058762098)
2023-08-21T14:35:18.038Z - Session ended with satisfaction false and submitted from background script
2023-08-21T14:35:18.039Z - status send to background script : ASK_SUCCESS and END_SESSION
2023-08-21T14:35:22.044Z - change front status to : INACTIVE
2023-08-21T14:35:23.026Z - SET_STATUS received from content script, status set to ACTIVE and sent to all tabs (1058762098)
2023-08-21T14:35:23.028Z - change front status to : ACTIVE
2023-08-21T14:35:23.030Z - status send to background script : ACTIVE
2023-08-21T14:35:24.568Z - SET_STATUS received from content script, status set to ASK and sent to all tabs (1058762098)
2023-08-21T14:35:24.571Z - status send to background script : ASK
2023-08-21T14:35:25.403Z - SET_STATUS received from content script, status set to ASK_SUCCESS and sent to all tabs (1058762098)
2023-08-21T14:35:25.406Z - change front status to : ASK_SUCCESS
2023-08-21T14:35:25.409Z - Session ended with satisfaction true and submitted from background script
2023-08-21T14:35:25.411Z - status send to background script : ASK_SUCCESS and END_SESSION
2023-08-21T14:35:29.421Z - change front status to : INACTIVE
2023-08-21T14:35:32.237Z - SET_STATUS received from content script, status set to ACTIVE and sent to all tabs (1058762098)
2023-08-21T14:35:32.241Z - status send to background script : ACTIVE
2023-08-21T14:35:35.623Z - SET_STATUS received from content script, status set to ASK and sent to all tabs (1058762098)
2023-08-21T14:35:35.625Z - status send to background script : ASK
2023-08-21T14:35:39.701Z - SET_STATUS received from content script, status set to ASK_SUCCESS and sent to all tabs (1058762098)
2023-08-21T14:35:39.704Z - change front status to : ASK_SUCCESS
2023-08-21T14:35:39.708Z - Session ended with satisfaction true and submitted from background script
2023-08-21T14:35:39.710Z - status send to background script : ASK_SUCCESS and END_SESSION
2023-08-21T14:35:43.717Z - change front status to : INACTIVE
2023-08-21T14:36:16.102Z - background.js loaded with status unknown and anonId null
2023-08-21T14:36:16.105Z - status set to INACTIVE
2023-08-21T14:36:16.798Z - SET_STATUS received from content script, status set to ACTIVE and sent to all tabs ()
2023-08-21T14:36:16.800Z - status send to background script : ACTIVE
2023-08-21T14:36:18.200Z - SET_STATUS received from content script, status set to ACTIVE and sent to all tabs ()
2023-08-21T14:36:18.202Z - status send to background script : ACTIVE
2023-08-21T14:36:18.553Z - SET_STATUS received from content script, status set to ACTIVE and sent to all tabs ()
2023-08-21T14:36:18.555Z - status send to background script : ACTIVE
2023-08-21T14:36:18.717Z - SET_STATUS received from content script, status set to ACTIVE and sent to all tabs ()
2023-08-21T14:36:18.719Z - status send to background script : ACTIVE
2023-08-21T14:36:19.392Z - SET_STATUS received from content script, status set to ACTIVE and sent to all tabs ()
2023-08-21T14:36:19.394Z - status send to background script : ACTIVE
2023-08-21T14:36:20.736Z - SET_STATUS received from content script, status set to ACTIVE and sent to all tabs ()
2023-08-21T14:36:20.737Z - status send to background script : ACTIVE
2023-08-21T14:36:23.164Z - status asked by content script, status <ACTIVE> sent to tab 1058762098 and added to injectedTabs (1058762098)
2023-08-21T14:36:24.579Z - SET_STATUS received from content script, status set to ASK and sent to all tabs (1058762098)
2023-08-21T14:36:24.581Z - status send to background script : ASK
2023-08-21T14:36:26.911Z - SET_STATUS received from content script, status set to ASK_SUCCESS and sent to all tabs (1058762098)
2023-08-21T14:36:26.931Z - Session ended with satisfaction true and submitted from background script
2023-08-21T14:36:26.932Z - status send to background script : ASK_SUCCESS and END_SESSION
2023-08-21T14:36:30.923Z - change front status to : INACTIVE
2023-08-21T14:36:52.982Z - background.js loaded with status unknown and anonId null
2023-08-21T14:36:52.989Z - status set to INACTIVE
2023-08-21T14:36:53.068Z - change front status to : INACTIVE
2023-08-21T14:36:55.004Z - SET_STATUS received from content script, status set to ACTIVE and sent to all tabs (1058762101)
2023-08-21T14:36:55.007Z - status send to background script : ACTIVE
2023-08-21T14:36:55.972Z - SET_STATUS received from content script, status set to ASK and sent to all tabs (1058762101)
2023-08-21T14:36:55.975Z - status send to background script : ASK
2023-08-21T14:36:56.866Z - SET_STATUS received from content script, status set to ASK_SUCCESS and sent to all tabs (1058762101)
2023-08-21T14:36:56.870Z - change front status to : ASK_SUCCESS
2023-08-21T14:36:56.887Z - Session ended with satisfaction true and submitted from background script
2023-08-21T14:36:56.889Z - status send to background script : ASK_SUCCESS and END_SESSION
2023-08-21T14:37:00.877Z - change front status to : INACTIVE
2023-08-21T14:37:11.618Z - Tab 1058762101 removed from injectedTabs ()
2023-08-21T14:37:11.779Z - Tab 1058762098 removed
2023-08-21T14:37:11.915Z - Tab 1058762095 removed
2023-08-21T14:37:12.005Z - Tab 1058762092 removed
2023-08-21T14:37:12.199Z - Tab 1058762089 removed
2023-08-21T14:37:12.325Z - Tab 1058762086 removed
2023-08-21T14:37:12.427Z - Tab 1058762083 removed
2023-08-21T14:37:12.545Z - Tab 1058762077 removed
2023-08-21T14:37:12.655Z - Tab 1058762071 removed
2023-08-21T14:37:12.765Z - Tab 1058762068 removed
2023-08-21T14:37:12.876Z - Tab 1058762065 removed
2023-08-21T14:37:12.988Z - Tab 1058762062 removed
2023-08-21T14:37:13.107Z - Tab 1058762059 removed
2023-08-21T14:37:13.221Z - Tab 1058762045 removed
2023-08-21T14:37:15.931Z - background.js loaded with status unknown and anonId null
2023-08-21T14:37:15.932Z - status set to INACTIVE
2023-08-21T14:37:16.330Z - change front status to : INACTIVE
2023-08-21T14:37:20.472Z - change front status to : INACTIVE
2023-08-21T14:37:22.069Z - change front status to : INACTIVE
2023-08-21T14:37:23.616Z - background.js loaded with status unknown and anonId null
2023-08-21T14:37:23.617Z - status set to INACTIVE
2023-08-21T14:37:23.693Z - status asked by content script, status <INACTIVE> sent to tab 1058762122 and added to injectedTabs (1058762122)
2023-08-21T14:37:26.153Z - SET_STATUS received from content script, status set to ACTIVE and sent to all tabs (1058762122)
2023-08-21T14:37:26.156Z - status send to background script : ACTIVE
2023-08-21T14:37:27.080Z - SET_STATUS received from content script, status set to ASK and sent to all tabs (1058762122)
2023-08-21T14:37:27.083Z - status send to background script : ASK
2023-08-21T14:37:28.146Z - SET_STATUS received from content script, status set to ASK_SUCCESS and sent to all tabs (1058762122)
2023-08-21T14:37:28.148Z - change front status to : ASK_SUCCESS
2023-08-21T14:37:28.166Z - Session ended with satisfaction false and submitted from background script
2023-08-21T14:37:28.168Z - status send to background script : ASK_SUCCESS and END_SESSION
2023-08-21T14:37:32.155Z - change front status to : INACTIVE
2023-08-21T14:37:34.634Z - SET_STATUS received from content script, status set to ACTIVE and sent to all tabs (1058762122)
2023-08-21T14:37:34.637Z - status send to background script : ACTIVE
2023-08-21T14:37:36.324Z - SET_STATUS received from content script, status set to ASK and sent to all tabs (1058762122)
2023-08-21T14:37:36.327Z - status send to background script : ASK
2023-08-21T14:37:38.283Z - SET_STATUS received from content script, status set to ASK_SUCCESS and sent to all tabs (1058762122)
2023-08-21T14:37:38.288Z - Session ended with satisfaction true and submitted from background script
2023-08-21T14:37:38.290Z - status send to background script : ASK_SUCCESS and END_SESSION
2023-08-21T14:37:42.299Z - change front status to : INACTIVE
2023-08-21T14:37:45.179Z - SET_STATUS received from content script, status set to ACTIVE and sent to all tabs (1058762122)
2023-08-21T14:37:45.182Z - status send to background script : ACTIVE
2023-08-21T14:37:46.612Z - SET_STATUS received from content script, status set to ASK and sent to all tabs (1058762122)
2023-08-21T14:37:46.614Z - status send to background script : ASK
2023-08-21T14:37:51.186Z - SET_STATUS received from content script, status set to ASK_SUCCESS and sent to all tabs (1058762122)
2023-08-21T14:37:51.191Z - Session ended with satisfaction false and submitted from background script
2023-08-21T14:37:51.194Z - status send to background script : ASK_SUCCESS and END_SESSION
2023-08-21T14:37:55.200Z - change front status to : INACTIVE
2023-08-21T14:38:00.437Z - Tab 1058762122 removed from injectedTabs ()
2023-08-21T14:38:01.527Z - Tab 1058762118 removed
2023-08-21T14:55:01.527Z - background.js loaded with status unknown and anonId null
2023-08-21T14:55:01.529Z - status set to INACTIVE
2023-08-21T14:55:02.478Z - background.js loaded with status unknown and anonId null
2023-08-21T14:55:02.486Z - status set to INACTIVE
2023-08-21T14:55:02.685Z - change front status to : INACTIVE
2023-08-21T14:55:04.786Z - SET_STATUS received from content script, status set to ACTIVE and sent to all tabs (1058762130)
2023-08-21T14:55:04.789Z - status send to background script : ACTIVE
2023-08-21T14:55:08.069Z - SET_STATUS received from content script, status set to ASK and sent to all tabs (1058762130)
2023-08-21T14:55:08.072Z - status send to background script : ASK
2023-08-21T14:55:18.652Z - SET_STATUS received from content script, status set to ASK_SUCCESS and sent to all tabs (1058762130)
2023-08-21T14:55:18.669Z - Session ended with satisfaction false and submitted from background script
2023-08-21T14:55:18.671Z - status send to background script : ASK_SUCCESS and END_SESSION
2023-08-21T14:55:22.665Z - change front status to : INACTIVE
2023-08-21T14:55:56.577Z - background.js loaded with status unknown and anonId null
2023-08-21T14:55:56.586Z - status set to INACTIVE
2023-08-21T14:55:56.660Z - change front status to : INACTIVE
2023-08-21T14:55:58.478Z - SET_STATUS received from content script, status set to ACTIVE and sent to all tabs (1058762133)
2023-08-21T14:55:58.481Z - status send to background script : ACTIVE
2023-08-21T14:55:59.767Z - SET_STATUS received from content script, status set to ASK and sent to all tabs (1058762133)
2023-08-21T14:55:59.771Z - status send to background script : ASK
2023-08-21T14:56:00.823Z - SET_STATUS received from content script, status set to ASK_SUCCESS and sent to all tabs (1058762133)
2023-08-21T14:56:00.826Z - change front status to : ASK_SUCCESS
2023-08-21T14:56:00.849Z - Session ended with satisfaction false and submitted from background script
2023-08-21T14:56:00.850Z - status send to background script : ASK_SUCCESS and END_SESSION
2023-08-21T14:56:04.834Z - change front status to : INACTIVE
2023-08-21T14:56:09.687Z - SET_STATUS received from content script, status set to ACTIVE and sent to all tabs (1058762133)
2023-08-21T14:56:09.690Z - status send to background script : ACTIVE
2023-08-21T14:56:11.852Z - SET_STATUS received from content script, status set to ASK and sent to all tabs (1058762133)
2023-08-21T14:56:11.855Z - status send to background script : ASK
2023-08-21T14:56:14.212Z - SET_STATUS received from content script, status set to ASK_SUCCESS and sent to all tabs (1058762133)
2023-08-21T14:56:14.216Z - Session ended with satisfaction false and submitted from background script
2023-08-21T14:56:14.220Z - status send to background script : ASK_SUCCESS and END_SESSION
2023-08-21T14:56:18.223Z - change front status to : INACTIVE
2023-08-21T14:56:48.113Z - background.js loaded with status unknown and anonId null
2023-08-21T14:56:48.121Z - status set to INACTIVE
2023-08-21T14:56:48.189Z - change front status to : INACTIVE
2023-08-21T14:56:49.623Z - SET_STATUS received from content script, status set to ACTIVE and sent to all tabs (1058762136)
2023-08-21T14:56:49.626Z - status send to background script : ACTIVE
2023-08-21T14:56:50.501Z - SET_STATUS received from content script, status set to ASK and sent to all tabs (1058762136)
2023-08-21T14:56:50.504Z - status send to background script : ASK
2023-08-21T14:56:51.573Z - SET_STATUS received from content script, status set to ASK_SUCCESS and sent to all tabs (1058762136)
2023-08-21T14:56:51.594Z - Session ended with satisfaction false and submitted from background script
2023-08-21T14:56:51.595Z - status send to background script : ASK_SUCCESS and END_SESSION
2023-08-21T14:56:55.579Z - change front status to : INACTIVE
2023-08-21T14:56:58.919Z - background.js loaded with status unknown and anonId null
2023-08-21T14:56:58.928Z - status set to INACTIVE
2023-08-21T14:56:58.997Z - change front status to : INACTIVE
2023-08-21T14:57:00.176Z - SET_STATUS received from content script, status set to ACTIVE and sent to all tabs (1058762139)
2023-08-21T14:57:00.180Z - status send to background script : ACTIVE
2023-08-21T14:57:01.816Z - SET_STATUS received from content script, status set to ASK and sent to all tabs (1058762139)
2023-08-21T14:57:01.820Z - status send to background script : ASK
2023-08-21T14:57:02.979Z - SET_STATUS received from content script, status set to ASK_SUCCESS and sent to all tabs (1058762139)
2023-08-21T14:57:02.997Z - Session ended with satisfaction false and submitted from background script
2023-08-21T14:57:02.999Z - status send to background script : ASK_SUCCESS and END_SESSION
2023-08-21T14:57:06.995Z - change front status to : INACTIVE
2023-08-21T14:57:14.982Z - change front status to : INACTIVE
2023-08-21T14:57:17.054Z - background.js loaded with status unknown and anonId null
2023-08-21T14:57:17.064Z - status set to INACTIVE
2023-08-21T14:57:17.131Z - change front status to : INACTIVE
2023-08-21T14:57:19.181Z - SET_STATUS received from content script, status set to ACTIVE and sent to all tabs (1058762142)
2023-08-21T14:57:19.185Z - status send to background script : ACTIVE
2023-08-21T14:57:20.771Z - SET_STATUS received from content script, status set to ASK and sent to all tabs (1058762142)
2023-08-21T14:57:20.775Z - status send to background script : ASK
2023-08-21T14:57:22.648Z - SET_STATUS received from content script, status set to ASK_SUCCESS and sent to all tabs (1058762142)
2023-08-21T14:57:22.669Z - Session ended with satisfaction true and submitted from background script
2023-08-21T14:57:22.671Z - status send to background script : ASK_SUCCESS and END_SESSION
2023-08-21T14:57:26.659Z - change front status to : INACTIVE
2023-08-21T14:57:34.331Z - background.js loaded with status unknown and anonId null
2023-08-21T14:57:34.338Z - status set to INACTIVE
2023-08-21T14:57:34.404Z - status asked by content script, status <INACTIVE> sent to tab 1058762145 and added to injectedTabs (1058762145)
2023-08-21T14:57:36.178Z - Tab 1058762130 removed
2023-08-21T14:57:36.532Z - Tab 1058762133 removed
2023-08-21T14:57:36.843Z - Tab 1058762136 removed
2023-08-21T14:57:37.175Z - Tab 1058762139 removed
2023-08-21T14:57:37.499Z - Tab 1058762142 removed
2023-08-21T14:57:47.998Z - change front status to : INACTIVE
2023-08-21T14:57:50.378Z - status asked by content script, status <INACTIVE> sent to tab 1058762129 and added to injectedTabs (1058762145,1058762129)
2023-08-21T14:57:51.089Z - change front status to : INACTIVE
2023-08-21T14:58:08.868Z - change front status to : INACTIVE
2023-08-21T14:58:09.399Z - change front status to : INACTIVE
2023-08-21T14:58:13.168Z - status asked by content script, status <INACTIVE> sent to tab 1058762129 and added to injectedTabs (1058762145,1058762129)
2023-08-21T14:58:49.855Z - background.js loaded with status unknown and anonId null
2023-08-21T14:58:49.859Z - status set to INACTIVE
2023-08-21T14:59:25.147Z - change front status to : INACTIVE
2023-08-21T14:59:25.805Z - change front status to : INACTIVE
2023-08-21T14:59:28.520Z - change front status to : INACTIVE
2023-08-21T14:59:28.696Z - change front status to : INACTIVE
2023-08-21T14:59:28.865Z - change front status to : INACTIVE
2023-08-21T14:59:29.070Z - change front status to : INACTIVE
2023-08-21T15:01:16.384Z - background.js loaded with status unknown and anonId null
2023-08-21T15:01:16.386Z - status set to INACTIVE
2023-08-21T15:01:18.102Z - background.js loaded with status unknown and anonId null
2023-08-21T15:01:18.114Z - status set to INACTIVE
2023-08-21T15:01:18.422Z - status asked by content script, status <INACTIVE> sent to tab 1058762156 and added to injectedTabs (1058762156)
2023-08-21T15:02:13.243Z - background.js loaded with status unknown and anonId null
2023-08-21T15:02:13.249Z - status set to INACTIVE
2023-08-21T15:02:15.404Z - background.js loaded with status unknown and anonId null
2023-08-21T15:02:15.413Z - status set to INACTIVE
2023-08-21T15:02:15.490Z - change front status to : INACTIVE
2023-08-21T15:02:37.050Z - Tab 1058761972 removed
2023-08-21T15:04:52.827Z - background.js loaded with status unknown and anonId null
2023-08-21T15:04:52.831Z - status set to INACTIVE
2023-08-21T15:04:55.090Z - background.js loaded with status unknown and anonId null
2023-08-21T15:04:55.099Z - status set to INACTIVE
2023-08-21T15:04:55.166Z - change front status to : INACTIVE
2023-08-21T15:05:25.755Z - background.js loaded with status unknown and anonId null
2023-08-21T15:05:25.762Z - status set to INACTIVE
2023-08-21T15:05:25.833Z - change front status to : INACTIVE
2023-08-21T15:06:05.032Z - background.js loaded with status unknown and anonId null
2023-08-21T15:06:05.043Z - status set to INACTIVE
2023-08-21T15:06:05.118Z - status asked by content script, status <INACTIVE> sent to tab 1058762169 and added to injectedTabs (1058762169)
2023-08-21T15:06:19.917Z - background.js loaded with status unknown and anonId null
2023-08-21T15:06:19.927Z - status set to INACTIVE
2023-08-21T15:06:20.244Z - status asked by content script, status <INACTIVE> sent to tab 1058762172 and added to injectedTabs (1058762172)
2023-08-21T15:07:06.201Z - background.js loaded with status unknown and anonId null
2023-08-21T15:07:06.209Z - status set to INACTIVE
2023-08-21T15:07:06.275Z - status asked by content script, status <INACTIVE> sent to tab 1058762175 and added to injectedTabs (1058762175)
2023-08-21T15:07:24.495Z - background.js loaded with status unknown and anonId null
2023-08-21T15:07:24.506Z - status set to INACTIVE
2023-08-21T15:07:24.576Z - change front status to : INACTIVE
2023-08-21T15:07:45.848Z - background.js loaded with status unknown and anonId null
2023-08-21T15:07:45.858Z - status set to INACTIVE
2023-08-21T15:07:45.930Z - status asked by content script, status <INACTIVE> sent to tab 1058762181 and added to injectedTabs (1058762181)
2023-08-21T15:08:31.851Z - background.js loaded with status unknown and anonId null
2023-08-21T15:08:31.860Z - status set to INACTIVE
2023-08-21T15:08:31.928Z - status asked by content script, status <INACTIVE> sent to tab 1058762184 and added to injectedTabs (1058762184)
2023-08-21T15:08:42.573Z - background.js loaded with status unknown and anonId null
2023-08-21T15:08:42.583Z - status set to INACTIVE
2023-08-21T15:08:42.650Z - change front status to : INACTIVE
2023-08-21T15:08:46.707Z - background.js loaded with status unknown and anonId null
2023-08-21T15:08:46.715Z - status set to INACTIVE
2023-08-21T15:08:46.781Z - change front status to : INACTIVE
2023-08-21T15:09:11.856Z - background.js loaded with status unknown and anonId null
2023-08-21T15:09:11.863Z - status set to INACTIVE
2023-08-21T15:09:11.934Z - change front status to : INACTIVE
2023-08-21T15:09:23.490Z - Tab 1058762193 removed from injectedTabs ()
2023-08-21T15:09:23.990Z - Tab 1058762190 removed
2023-08-21T15:09:24.086Z - Tab 1058762187 removed
2023-08-21T15:09:24.170Z - Tab 1058762184 removed
2023-08-21T15:09:24.252Z - Tab 1058762181 removed
2023-08-21T15:09:24.336Z - Tab 1058762178 removed
2023-08-21T15:09:24.420Z - Tab 1058762175 removed
2023-08-21T15:09:24.504Z - Tab 1058762172 removed
2023-08-21T15:09:24.588Z - Tab 1058762169 removed
2023-08-21T15:09:24.669Z - Tab 1058762166 removed
2023-08-21T15:09:24.759Z - Tab 1058762163 removed
2023-08-21T15:09:24.843Z - Tab 1058762159 removed
2023-08-21T15:09:24.927Z - Tab 1058762156 removed
2023-08-21T15:09:25.008Z - Tab 1058762155 removed
2023-08-21T15:09:25.094Z - Tab 1058762145 removed
2023-08-21T15:09:25.207Z - Tab 1058762129 removed
2023-08-21T15:19:03.467Z - background.js loaded with status unknown and anonId null
2023-08-21T15:19:03.475Z - status set to INACTIVE
2023-08-21T15:19:33.727Z - status asked by content script, status <INACTIVE> sent to tab 1058762214 and added to injectedTabs (1058762214)
2023-08-21T15:56:17.043Z - background.js loaded with status unknown and anonId null
2023-08-21T15:56:17.046Z - status set to INACTIVE
2023-08-21T15:56:18.082Z - background.js loaded with status unknown and anonId null
2023-08-21T15:56:18.094Z - status set to INACTIVE
2023-08-21T15:56:18.468Z - status asked by content script, status <INACTIVE> sent to tab 1058762299 and added to injectedTabs (1058762299)
2023-08-21T15:57:14.528Z - background.js loaded with status unknown and anonId null
2023-08-21T15:57:14.532Z - status set to INACTIVE
2023-08-21T15:57:15.535Z - background.js loaded with status unknown and anonId null
2023-08-21T15:57:15.544Z - status set to INACTIVE
2023-08-21T15:57:15.610Z - change front status to : INACTIVE
2023-08-21T15:57:28.099Z - Tab 1058762299 removed
2023-08-21T15:58:10.529Z - background.js loaded with status unknown and anonId null
2023-08-21T15:58:10.541Z - status set to INACTIVE
2023-08-21T15:58:10.612Z - change front status to : INACTIVE
2023-08-21T15:58:56.061Z - background.js loaded with status unknown and anonId null
2023-08-21T15:58:56.064Z - status set to INACTIVE
2023-08-21T15:58:57.248Z - background.js loaded with status unknown and anonId null
2023-08-21T15:58:57.257Z - status set to INACTIVE
2023-08-21T15:58:57.330Z - change front status to : INACTIVE
2023-08-21T15:59:27.903Z - change front status to : INACTIVE
2023-08-21T15:59:32.810Z - change front status to : INACTIVE
2023-08-21T15:59:33.859Z - status asked by content script, status <INACTIVE> sent to tab 1058762321 and added to injectedTabs (1058762315,1058762321)
2023-08-21T15:59:43.467Z - change front status to : INACTIVE
2023-08-21T15:59:57.332Z - change front status to : INACTIVE
2023-08-21T15:59:59.709Z - status asked by content script, status <INACTIVE> sent to tab 1058762321 and added to injectedTabs (1058762315,1058762321)
2023-08-21T16:01:29.403Z - background.js loaded with status unknown and anonId null
2023-08-21T16:01:29.406Z - status set to INACTIVE
2023-08-21T16:01:30.472Z - background.js loaded with status unknown and anonId null
2023-08-21T16:01:30.480Z - status set to INACTIVE
2023-08-21T16:01:30.928Z - status asked by content script, status <INACTIVE> sent to tab 1058762324 and added to injectedTabs (1058762324)
2023-08-21T16:01:32.991Z - Tab 1058762302 removed
2023-08-21T16:01:33.302Z - Tab 1058762309 removed
2023-08-21T16:01:33.622Z - Tab 1058762315 removed
2023-08-21T16:01:33.962Z - Tab 1058762321 removed
2023-08-21T16:01:47.257Z - status asked by content script, status <INACTIVE> sent to tab 1058762334 and added to injectedTabs (1058762324,1058762334)
2023-08-21T16:01:51.395Z - status asked by content script, status <INACTIVE> sent to tab 1058762334 and added to injectedTabs (1058762324,1058762334)
2023-08-21T16:01:56.450Z - status asked by content script, status <INACTIVE> sent to tab 1058762334 and added to injectedTabs (1058762324,1058762334)
2023-08-21T16:02:27.319Z - background.js loaded with status unknown and anonId null
2023-08-21T16:02:27.327Z - status set to INACTIVE
2023-08-21T16:02:27.394Z - status asked by content script, status <INACTIVE> sent to tab 1058762337 and added to injectedTabs (1058762337)
2023-08-21T16:03:05.295Z - background.js loaded with status unknown and anonId null
2023-08-21T16:03:05.305Z - status set to INACTIVE
2023-08-21T16:03:05.375Z - status asked by content script, status <INACTIVE> sent to tab 1058762343 and added to injectedTabs (1058762343)
2023-08-21T16:04:43.070Z - status asked by content script, status <INACTIVE> sent to tab 1058762334 and added to injectedTabs (1058762343,1058762334)
2023-08-21T16:04:47.057Z - background.js loaded with status unknown and anonId null
2023-08-21T16:04:47.065Z - status set to INACTIVE
2023-08-21T16:04:47.132Z - status asked by content script, status <INACTIVE> sent to tab 1058762351 and added to injectedTabs (1058762351)
2023-08-21T16:04:48.949Z - SET_STATUS received from content script, status set to ACTIVE and sent to all tabs (1058762351)
2023-08-21T16:04:48.955Z - status send to background script : ACTIVE
2023-08-21T16:04:49.991Z - SET_STATUS received from content script, status set to ASK and sent to all tabs (1058762351)
2023-08-21T16:04:49.996Z - status send to background script : ASK
2023-08-21T16:04:50.489Z - SET_STATUS received from content script, status set to ASK_SUCCESS and sent to all tabs (1058762351)
2023-08-21T16:04:50.515Z - Session ended with satisfaction false and submitted from background script
2023-08-21T16:04:50.517Z - status send to background script : ASK_SUCCESS and END_SESSION
2023-08-21T16:04:54.504Z - change front status to : INACTIVE
2023-08-21T16:05:03.635Z - change front status to : INACTIVE
2023-08-21T16:12:50.585Z - Tab 1058762272 removed
2023-08-21T16:12:50.959Z - Tab 1058762295 removed
2023-08-21T16:12:51.363Z - Tab 1058762298 removed
2023-08-21T16:12:51.813Z - Tab 1058762324 removed
2023-08-21T16:12:52.234Z - Tab 1058762334 removed
2023-08-21T16:12:52.690Z - Tab 1058762337 removed
2023-08-21T16:12:52.976Z - Tab 1058762343 removed
2023-08-21T16:12:53.242Z - Tab 1058762351 removed from injectedTabs ()
2023-08-21T16:12:53.536Z - Tab 1058762354 removed
2023-08-21T16:12:57.155Z - change front status to : INACTIVE
2023-08-21T16:13:00.153Z - change front status to : INACTIVE
2023-08-21T16:13:03.786Z - status asked by content script, status <INACTIVE> sent to tab 1058762366 and added to injectedTabs (1058762366)
2023-08-21T16:13:07.635Z - change front status to : INACTIVE
2023-08-21T16:13:08.085Z - change front status to : INACTIVE
2023-08-21T16:13:09.315Z - change front status to : INACTIVE
2023-08-21T16:13:09.534Z - change front status to : INACTIVE
2023-08-21T16:13:26.114Z - change front status to : INACTIVE
2023-08-21T16:13:27.299Z - status asked by content script, status <INACTIVE> sent to tab 1058762366 and added to injectedTabs (1058762366)
2023-08-21T16:13:30.085Z - status asked by content script, status <INACTIVE> sent to tab 1058762366 and added to injectedTabs (1058762366)
2023-08-21T16:13:43.618Z - change front status to : INACTIVE
2023-08-21T16:14:39.516Z - background.js loaded with status unknown and anonId null
2023-08-21T16:14:39.527Z - status set to INACTIVE
2023-08-21T16:14:40.144Z - status asked by content script, status <INACTIVE> sent to tab 1058762372 and added to injectedTabs (1058762372)
