2023-08-21T14:29:02.797Z - background.js loaded with status unknown and anonId null
2023-08-21T14:29:02.798Z - anonId not found in storage, status set to REGISTER
2023-08-21T14:29:02.861Z - status asked by content script, status <REGISTER> sent to tab 1058762045 and added to injectedTabs (1058762045)
2023-08-21T14:29:02.862Z - change front status to : REGISTER
2023-08-21T14:29:06.573Z - Tab 1058762008 removed
2023-08-21T14:29:06.844Z - Tab 1058762012 removed
2023-08-21T14:29:07.128Z - Tab 1058762015 removed
2023-08-21T14:29:07.375Z - Tab 1058762018 removed
2023-08-21T14:29:07.799Z - Tab 1058762021 removed
2023-08-21T14:29:08.273Z - Tab 1058762024 removed
2023-08-21T14:29:08.576Z - Tab 1058762027 removed
2023-08-21T14:29:08.894Z - Tab 1058762030 removed
2023-08-21T14:29:09.218Z - Tab 1058762033 removed
2023-08-21T14:29:09.516Z - Tab 1058762036 removed
2023-08-21T14:29:09.916Z - Tab 1058762039 removed
2023-08-21T14:29:27.760Z - background.js loaded with status unknown and anonId null
2023-08-21T14:29:27.768Z - anonId not found in storage, status set to REGISTER
2023-08-21T14:29:27.835Z - status asked by content script, status <REGISTER> sent to tab 1058762059 and added to injectedTabs (1058762059)
2023-08-21T14:30:18.878Z - background.js loaded with status unknown and anonId null
2023-08-21T14:30:18.879Z - anonId not found in storage, status set to REGISTER
2023-08-21T14:30:18.952Z - status asked by content script, status <REGISTER> sent to tab 1058762062 and added to injectedTabs (1058762062)
2023-08-21T14:30:27.950Z - background.js loaded with status unknown and anonId null
2023-08-21T14:30:27.950Z - anonId not found in storage, status set to REGISTER
2023-08-21T14:30:28.028Z - change front status to : REGISTER
2023-08-21T14:30:33.324Z - background.js loaded with status unknown and anonId null
2023-08-21T14:30:33.332Z - anonId not found in storage, status set to REGISTER
2023-08-21T14:30:33.409Z - change front status to : REGISTER
2023-08-21T14:30:35.551Z - click on modal
2023-08-21T14:30:36.890Z - attempt to register with anonId 111111
2023-08-21T14:30:36.891Z - change front status to : REGISTER_SUCCESS
2023-08-21T14:30:40.904Z - change front status to : INACTIVE
2023-08-21T14:30:58.698Z - background.js loaded with status unknown and anonId null
2023-08-21T14:30:58.699Z - status set to INACTIVE
2023-08-21T14:30:58.775Z - change front status to : INACTIVE
